================================================================================
DESIGN AREA REPORT
================================================================================

Design:               counter_32bit
Technology:           45nm CMOS
Date:                 2025-12-04 01:19:19

CORE DIMENSIONS
────────────────────────────────────────────────────────────────────────────────
Width:                55.00 um
Height:               55.00 um
Area:                 3025.00 um²
Perimeter:            220.00 um

CHIP DIMENSIONS (with I/O)
────────────────────────────────────────────────────────────────────────────────
Width:                75.00 um
Height:               75.00 um
Area:                 5625.00 um²

AREA BREAKDOWN
────────────────────────────────────────────────────────────────────────────────
Synthesized Area:     1772.33 um² (58.59%)
Routing Area:         1252.67 um² (41.41%)
I/O Ring Area:        2600.00 um²
