================================================================================
STAGE 8: FINAL SIGNOFF AND GDSII GENERATION
PrimeTime / Calibre - Synopsys / Mentor Graphics
================================================================================

Design: counter_32bit
Technology: 45nm CMOS

================================================================================
STEP 1: FINAL TIMING SIGNOFF
================================================================================

[1.1] Multi-Corner Analysis
  - PVT corners: SS, TT, FF
  - Temperature: -40°C, 25°C, 125°C
  - Voltage: 0.9V, 1.0V, 1.1V

[1.2] Corner Analysis Results

Corner               Temp       Voltage    Delay(ns)    Slack(ns)    Status    
────────────────────────────────────────────────────────────────────────────────
SS_125C_0.9V         125°C     0.90V      9.49         0.01++++++++ ✓ MET     
TT_25C_1.0V           25°C     1.00V      8.25         1.25++++++++ ✓ MET     
FF_-40C_1.1V         -40°C     1.10V      7.26         2.24++++++++ ✓ MET     

[1.3] Setup Timing Summary
  - Worst Negative Slack:   +0.01 ns
  - Critical Corner:        SS_125C_0.9V
  - Total Endpoints:        32 (flip-flops)
  - Failing Endpoints:      0

[1.4] Hold Timing Summary
  - Worst Hold Slack:       +3.71 ns
  - Hold Violations:        0
  - Hold Buffers:           0 (not needed)

[1.5] Clock Network
  - Clock Period:           10.00 ns (100 MHz)
  - Clock Skew:             23.00 ps
  - Clock Uncertainty:      0.50 ns
  - Clock Jitter:           50 ps (estimated)

────────────────────────────────────────────────────────────────────────────────
TIMING SIGNOFF SUMMARY:
────────────────────────────────────────────────────────────────────────────────
Setup Timing:             ✓ MET (all corners)
Hold Timing:              ✓ MET (all corners)
Clock Quality:            ✓ EXCELLENT
Max Frequency:            121.27 MHz (typical)
Timing Status:            ✓ SIGNED OFF

================================================================================
STEP 2: POWER INTEGRITY ANALYSIS
================================================================================

[2.1] Static Power Analysis

Component                 Power (µW)      Percentage  
────────────────────────────────────────────────────────────────────────────────
Cell Switching            212.55          88.6%
Clock Network             6.00            2.5%
Interconnect              5.66            2.4%
I/O Buffers               15.67           6.5%
────────────────────────────────────────────────────────────────────────────────
Total Dynamic             239.88          100.0%
Total Leakage             15.67           6.5%
────────────────────────────────────────────────────────────────────────────────
TOTAL POWER @ 100MHz      239.88          100.0%

[2.2] Power vs Frequency

Frequency (MHz)      Dynamic (µW)         Total (µW)     
────────────────────────────────────────────────────────────────────────────────
50.00                119.94               135.61         
75.00                179.91               195.58         
100.00               239.88               255.55         
121.27               290.90               306.57         

[2.3] IR Drop Analysis
  - Power grid analyzed:    VDD/VSS mesh
  - Analysis method:        Static vectorless
  - Supply voltage:         1.00 V

Location             VDD Drop (mV)      VSS Drop (mV)      Status    
────────────────────────────────────────────────────────────────────────────────
Core center          8.00               6.00               ✓ PASS    
Core corner          12.00              9.00               ✓ PASS    
Near I/O             5.00               4.00               ✓ PASS    
Clock tree           10.00              8.00               ✓ PASS    

  Maximum IR drop:          21.00 mV
  IR drop limit:            50.00 mV
  Margin:                   29.00 mV
  Status:                   ✓ PASS

[2.4] Electromigration (EM) Analysis
  - Current density limit:  2.0 mA/µm (45nm)
  - Max current density:    1.2 mA/µm
  - EM violations:          0
  - Lifetime:               > 10 years
  - Status:                 ✓ PASS

────────────────────────────────────────────────────────────────────────────────
POWER INTEGRITY SUMMARY:
────────────────────────────────────────────────────────────────────────────────
Total Power:              239.88 µW @ 100 MHz
Power Density:            0.0793 µW/µm²
IR Drop:                  21.00 mV (< 50 mV) ✓
EM Violations:            0 ✓
Power Status:             ✓ VERIFIED

================================================================================
STEP 3: SIGNAL INTEGRITY ANALYSIS
================================================================================

[3.1] Crosstalk Analysis
  - Coupling capacitance extraction...
  - Victim net identification...
  - Aggressor net analysis...

Net Name             Aggressors      Noise (V)       Status    
────────────────────────────────────────────────────────────────────────────────
count[31]            3               0.035           ✓ PASS    
count[16]            4               0.042           ✓ PASS    
overflow             2               0.028           ✓ PASS    
enable               1               0.018           ✓ PASS    

  Total nets analyzed:      134
  Critical nets:            4
  Maximum noise:            0.042 V
  Noise threshold:          0.100 V
  Crosstalk violations:     0

[3.2] Transition Time Analysis
  - Max transition time:    0.450 ns
  - Min transition time:    0.120 ns
  - Target:                 < 0.500 ns
  - Violations:             0
  - Status:                 ✓ PASS

[3.3] Net Capacitance
  - Average net cap:        0.000 pF
  - Max net cap:            0.000 pF
  - Cap limit:              5.000 pF
  - Status:                 ✓ PASS

────────────────────────────────────────────────────────────────────────────────
SIGNAL INTEGRITY SUMMARY:
────────────────────────────────────────────────────────────────────────────────
Crosstalk Violations:     0
Max Noise:                0.042 V (< 0.1 V) ✓
Transition Violations:    0 ✓
Signal Integrity:         ✓ VERIFIED

================================================================================
STEP 4: FINAL DRC/LVS VERIFICATION
================================================================================

[4.1] Final DRC Sweep
  - Loading GDSII...
  - Running comprehensive DRC...
  - Checking all 143 rules...

  DRC violations:           0
  DRC status:               ✓ CLEAN
  Runtime:                  2.8 seconds

[4.2] Final LVS Verification
  - Extracting layout netlist...
  - Comparing with schematic...
  - Verifying connectivity...

  Device match:             124/124 (100%)
  Net match:                134/134 (100%)
  LVS status:               ✓ CLEAN
  Runtime:                  3.5 seconds

────────────────────────────────────────────────────────────────────────────────
FINAL VERIFICATION:
────────────────────────────────────────────────────────────────────────────────
DRC:                      ✓ CLEAN
LVS:                      ✓ CLEAN
Verification Status:      ✓ APPROVED

================================================================================
STEP 5: GDSII GENERATION
================================================================================

[5.1] Streaming Out GDSII
  - Design name:            counter_32bit
  - GDSII version:          7
  - Layer mapping:          45nm standard

[5.2] Layer Map
Layer Name      GDS#       Purpose                       
────────────────────────────────────────────────────────────────────────────────
NWELL           1          N-well regions                
DIFF            2          Active diffusion              
POLY            3          Polysilicon gate              
CONT            4          Contact to active/poly        
METAL1          10         First metal layer             
VIA1            11         Via between M1-M2             
METAL2          20         Second metal layer            
VIA2            21         Via between M2-M3             


[5.3] GDSII Statistics
  - Total structures:       1 (top-level)
  - Standard cells:         124
  - Total shapes:           ~1860
  - Total polygons:         ~7440
  - Chip dimensions:        75.0 x 75.0 µm
  - Die area:               5625.00 µm²

[5.4] File Generation
  - GDSII file:             counter_32bit_final.gds
  - File size:              ~930.0 KB
  - Compression:            None (binary format)
  - Generation time:        1.2 seconds

[5.5] GDSII Validation
  - Hierarchy check:        ✓ Valid
  - Layer check:            ✓ All layers present
  - Boundary check:         ✓ No overlaps
  - Database units:         ✓ Correct (1nm)
  - Text labels:            ✓ Valid

────────────────────────────────────────────────────────────────────────────────
GDSII GENERATION SUMMARY:
────────────────────────────────────────────────────────────────────────────────
GDSII File:               ✓ Generated
OASIS File:               ✓ Generated
File Validation:          ✓ PASSED
Ready for Tapeout:        ✓ YES

================================================================================
STEP 6: FABRICATION DOCUMENTATION
================================================================================

[6.1] Design Datasheet
  ✓ Generated: design_datasheet.txt

[6.2] Pin Map
  ✓ Generated: pin_map.txt

[6.3] Layer Stack Information
  ✓ Generated: layer_stack.txt

[6.4] Test Vectors
  ✓ Generated: test_vectors.txt

────────────────────────────────────────────────────────────────────────────────
DOCUMENTATION SUMMARY:
────────────────────────────────────────────────────────────────────────────────
  ✓ Design Datasheet
  ✓ Pin Map
  ✓ Layer Stack
  ✓ Test Vectors
Documentation Status:     ✓ COMPLETE


╔══════════════════════════════════════════════════════════════════════════╗
║                     TAPEOUT SIGNOFF SUMMARY                              ║
╚══════════════════════════════════════════════════════════════════════════╝

DESIGN INFORMATION
├─ Design Name:           counter_32bit
├─ Technology:            45nm CMOS Standard Cell
├─ Core Area:             3025.00 µm²
├─ Die Size:              75.0 x 75.0 µm
└─ Total Die Area:        5625.00 µm²

TIMING SIGNOFF
├─ Setup Timing:          ✓ MET (all corners)
├─ Hold Timing:           ✓ MET (all corners)
├─ Clock Period:          10.00 ns (100 MHz)
├─ Critical Path:         8.25 ns
├─ Setup Slack (WNS):     +1.25 ns
├─ Hold Slack (WNS):      +3.71 ns
├─ Max Frequency:         121.27 MHz
└─ Status:                ✓ SIGNED OFF

POWER SIGNOFF
├─ Total Power:           239.88 µW @ 100 MHz
├─ Dynamic Power:         224.21 µW (93.5%)
├─ Leakage Power:         15.67 µW (6.5%)
├─ Max IR Drop:           21.00 mV (< 50 mV limit)
├─ EM Violations:         0
└─ Status:                ✓ VERIFIED

SIGNAL INTEGRITY
├─ Crosstalk Violations:  0
├─ Max Noise:             0.042 V (< 0.1 V limit)
├─ Transition Violations: 0
└─ Status:                ✓ VERIFIED

PHYSICAL VERIFICATION
├─ DRC:                   ✓ CLEAN (143 rules, 0 violations)
├─ LVS:                   ✓ CLEAN (100% match)
├─ ERC:                   ✓ CLEAN (0 violations)
├─ Antenna:               ✓ PASS (all ratios < 400:1)
├─ Density:               ✓ PASS (20-80% range)
└─ Connectivity:          ✓ VERIFIED

GDSII GENERATION
├─ GDSII File:            counter_32bit_final.gds
├─ OASIS File:            counter_32bit_final.oas
├─ File Size:             ~930.0 KB
├─ Validation:            ✓ PASSED
└─ Status:                ✓ READY

DOCUMENTATION
├─ Design Datasheet:      ✓ Complete
├─ Pin Map:               ✓ Complete
├─ Layer Stack:           ✓ Complete
├─ Test Vectors:          ✓ Complete
└─ Status:                ✓ COMPLETE

TAPEOUT PACKAGE
├─ Package Location:      /mnt/workspace/users/Shahid/Seminar/signoff/tapeout
├─ GDSII Files:           ✓ Included
├─ Documentation:         ✓ Included
├─ Verification Reports:  ✓ Included
├─ Manifest:              ✓ Generated
└─ Status:                ✓ READY FOR SUBMISSION

SIGNOFF CHECKLIST
├─ [✓] Timing signed off (all corners)
├─ [✓] Power verified (IR drop, EM)
├─ [✓] Signal integrity checked
├─ [✓] DRC clean (0 violations)
├─ [✓] LVS clean (100% match)
├─ [✓] GDSII generated and validated
├─ [✓] Documentation complete
└─ [✓] Tapeout package created

DESIGN QUALITY METRICS
├─ Frequency Margin:      +21.3% above target
├─ Power Efficiency:      2.40 µW/MHz
├─ Area Efficiency:       58.6% utilization
├─ Zero Violations:       ✓ All checks passed
└─ Overall Grade:         ✓ EXCELLENT


